c:\users\administrator\desktop\clienttcp -xs - 3964r\clienttcp\debug\clienttcp.pch
c:\users\administrator\desktop\clienttcp -xs - 3964r\clienttcp\debug\stdafx.obj
c:\users\administrator\desktop\clienttcp -xs - 3964r\clienttcp\debug\vc100.pdb
c:\users\administrator\desktop\clienttcp -xs - 3964r\clienttcp\debug\clienttcp.obj
c:\users\administrator\desktop\clienttcp -xs - 3964r\clienttcp\debug\clienttcpdlg.obj
c:\users\administrator\desktop\clienttcp -xs - 3964r\clienttcp\debug\tcpclient.obj
c:\users\administrator\desktop\clienttcp -xs - 3964r\debug\clienttcp.ilk
c:\users\administrator\desktop\clienttcp -xs - 3964r\debug\clienttcp.exe
c:\users\administrator\desktop\clienttcp -xs - 3964r\clienttcp\debug\clienttcp.exe.intermediate.manifest
c:\users\administrator\desktop\clienttcp -xs - 3964r\debug\clienttcp.pdb
c:\users\administrator\desktop\clienttcp -xs - 3964r\clienttcp\debug\clienttcp.exe.embed.manifest
c:\users\administrator\desktop\clienttcp -xs - 3964r\clienttcp\debug\clienttcp.res
c:\users\administrator\desktop\clienttcp -xs - 3964r\clienttcp\debug\clienttcp.exe.embed.manifest.res
c:\users\administrator\desktop\clienttcp -xs - 3964r\clienttcp\debug\vc120.pdb
c:\users\administrator\desktop\clienttcp -xs - 3964r\clienttcp\debug\vc120.idb
c:\users\administrator\desktop\clienttcp -xs - 3964r\clienttcp\debug\clienttcp.vcxprojresolveassemblyreference.cache
c:\users\administrator\desktop\clienttcp -xs - 3964r\clienttcp\debug\cl.command.1.tlog
c:\users\administrator\desktop\clienttcp -xs - 3964r\clienttcp\debug\cl.read.1.tlog
c:\users\administrator\desktop\clienttcp -xs - 3964r\clienttcp\debug\cl.write.1.tlog
c:\users\administrator\desktop\clienttcp -xs - 3964r\clienttcp\debug\clienttcp.write.1.tlog
c:\users\administrator\desktop\clienttcp -xs - 3964r\clienttcp\debug\link-cvtres.read.1.tlog
c:\users\administrator\desktop\clienttcp -xs - 3964r\clienttcp\debug\link-cvtres.write.1.tlog
c:\users\administrator\desktop\clienttcp -xs - 3964r\clienttcp\debug\link.12652-cvtres.read.1.tlog
c:\users\administrator\desktop\clienttcp -xs - 3964r\clienttcp\debug\link.12652-cvtres.write.1.tlog
c:\users\administrator\desktop\clienttcp -xs - 3964r\clienttcp\debug\link.12652.read.1.tlog
c:\users\administrator\desktop\clienttcp -xs - 3964r\clienttcp\debug\link.12652.write.1.tlog
c:\users\administrator\desktop\clienttcp -xs - 3964r\clienttcp\debug\link.12852-cvtres.read.1.tlog
c:\users\administrator\desktop\clienttcp -xs - 3964r\clienttcp\debug\link.12852-cvtres.write.1.tlog
c:\users\administrator\desktop\clienttcp -xs - 3964r\clienttcp\debug\link.12852.read.1.tlog
c:\users\administrator\desktop\clienttcp -xs - 3964r\clienttcp\debug\link.12852.write.1.tlog
c:\users\administrator\desktop\clienttcp -xs - 3964r\clienttcp\debug\link.13952-cvtres.read.1.tlog
c:\users\administrator\desktop\clienttcp -xs - 3964r\clienttcp\debug\link.13952-cvtres.write.1.tlog
c:\users\administrator\desktop\clienttcp -xs - 3964r\clienttcp\debug\link.13952.read.1.tlog
c:\users\administrator\desktop\clienttcp -xs - 3964r\clienttcp\debug\link.13952.write.1.tlog
c:\users\administrator\desktop\clienttcp -xs - 3964r\clienttcp\debug\link.9936-cvtres.read.1.tlog
c:\users\administrator\desktop\clienttcp -xs - 3964r\clienttcp\debug\link.9936-cvtres.write.1.tlog
c:\users\administrator\desktop\clienttcp -xs - 3964r\clienttcp\debug\link.9936.read.1.tlog
c:\users\administrator\desktop\clienttcp -xs - 3964r\clienttcp\debug\link.9936.write.1.tlog
c:\users\administrator\desktop\clienttcp -xs - 3964r\clienttcp\debug\link.command.1.tlog
c:\users\administrator\desktop\clienttcp -xs - 3964r\clienttcp\debug\link.read.1.tlog
c:\users\administrator\desktop\clienttcp -xs - 3964r\clienttcp\debug\link.write.1.tlog
c:\users\administrator\desktop\clienttcp -xs - 3964r\clienttcp\debug\mt.command.1.tlog
c:\users\administrator\desktop\clienttcp -xs - 3964r\clienttcp\debug\mt.read.1.tlog
c:\users\administrator\desktop\clienttcp -xs - 3964r\clienttcp\debug\mt.write.1.tlog
c:\users\administrator\desktop\clienttcp -xs - 3964r\clienttcp\debug\rc.command.1.tlog
c:\users\administrator\desktop\clienttcp -xs - 3964r\clienttcp\debug\rc.read.1.tlog
c:\users\administrator\desktop\clienttcp -xs - 3964r\clienttcp\debug\rc.write.1.tlog
c:\users\administrator\desktop\clienttcp -xs - 3964r\clienttcp\debug\vc100.idb
c:\users\administrator\desktop\clienttcp -xs - 3964r\clienttcp\debug\clienttcp_manifest.rc
c:\users\administrator\desktop\clienttcp -xs - 3964r\clienttcp\debug\clienttcp.tlog\cl.command.1.tlog
c:\users\administrator\desktop\clienttcp -xs - 3964r\clienttcp\debug\clienttcp.tlog\cl.read.1.tlog
c:\users\administrator\desktop\clienttcp -xs - 3964r\clienttcp\debug\clienttcp.tlog\cl.write.1.tlog
c:\users\administrator\desktop\clienttcp -xs - 3964r\clienttcp\debug\clienttcp.tlog\link-cvtres.read.1.tlog
c:\users\administrator\desktop\clienttcp -xs - 3964r\clienttcp\debug\clienttcp.tlog\link-cvtres.write.1.tlog
c:\users\administrator\desktop\clienttcp -xs - 3964r\clienttcp\debug\clienttcp.tlog\link-mt.read.1.tlog
c:\users\administrator\desktop\clienttcp -xs - 3964r\clienttcp\debug\clienttcp.tlog\link-mt.write.1.tlog
c:\users\administrator\desktop\clienttcp -xs - 3964r\clienttcp\debug\clienttcp.tlog\link-rc.read.1.tlog
c:\users\administrator\desktop\clienttcp -xs - 3964r\clienttcp\debug\clienttcp.tlog\link-rc.write.1.tlog
c:\users\administrator\desktop\clienttcp -xs - 3964r\clienttcp\debug\clienttcp.tlog\link.command.1.tlog
c:\users\administrator\desktop\clienttcp -xs - 3964r\clienttcp\debug\clienttcp.tlog\link.read.1.tlog
c:\users\administrator\desktop\clienttcp -xs - 3964r\clienttcp\debug\clienttcp.tlog\link.write.1.tlog
c:\users\administrator\desktop\clienttcp -xs - 3964r\clienttcp\debug\clienttcp.tlog\rc.command.1.tlog
c:\users\administrator\desktop\clienttcp -xs - 3964r\clienttcp\debug\clienttcp.tlog\rc.read.1.tlog
c:\users\administrator\desktop\clienttcp -xs - 3964r\clienttcp\debug\clienttcp.tlog\rc.write.1.tlog
