生成启动时间为 2017/6/30 22:05:09。
     1>项目“C:\Users\Administrator\Desktop\ClientTCP - 副本 - 副本\ClientTCP\ClientTCP.vcxproj”在节点 2 上(build 个目标)。
     1>InitializeBuildStatus:
         正在创建“Release\ClientTCP.unsuccessfulbuild”，因为已指定“AlwaysCreate”。
       ClCompile:
         所有输出均为最新。
         所有输出均为最新。
       ResourceCompile:
         所有输出均为最新。
       Link:
         所有输出均为最新。
         ClientTCP.vcxproj -> C:\Users\Administrator\Desktop\ClientTCP - 副本 - 副本\Release\ClientTCP.exe
       Manifest:
         所有输出均为最新。
       FinalizeBuildStatus:
         正在删除文件“Release\ClientTCP.unsuccessfulbuild”。
         正在对“Release\ClientTCP.lastbuildstate”执行 Touch 任务。
     1>已完成生成项目“C:\Users\Administrator\Desktop\ClientTCP - 副本 - 副本\ClientTCP\ClientTCP.vcxproj”(build 个目标)的操作。

生成成功。

已用时间 00:00:00.12
